04-23-2020 12:03:41 Login_ActiTime_And_Validate_EnterTimeTrackStep.java INFO  [main] StepDefination.Login_ActiTime_And_Validate_EnterTimeTrackStep 45 - INFO Msg:===============> Loading peropeties file
04-23-2020 12:03:41 Login_ActiTime_And_Validate_EnterTimeTrackStep.java INFO  [main] StepDefination.Login_ActiTime_And_Validate_EnterTimeTrackStep 56 - INFO Msg:===============>Launch AtiTime application
04-23-2020 12:03:41 Driver.java INFO  [main] GenericUtils.Driver 31 - INFO Msg:=====================>Loading Properties file
04-23-2020 12:03:41 Driver.java INFO  [main] GenericUtils.Driver 43 - INFO Msg:=====================> Launching Chrome browser
04-23-2020 12:03:53 Login_ActiTime_And_Validate_EnterTimeTrackStep.java INFO  [main] StepDefination.Login_ActiTime_And_Validate_EnterTimeTrackStep 69 - INFO Msg:===============>Entering valid userName and passWord
04-23-2020 12:03:53 Login_ActiTime_And_Validate_EnterTimeTrackStep.java INFO  [main] StepDefination.Login_ActiTime_And_Validate_EnterTimeTrackStep 83 - INFO Msg:===============>clicking on LoginButton
04-23-2020 12:03:54 Login_ActiTime_And_Validate_EnterTimeTrackStep.java DEBUG [main] StepDefination.Login_ActiTime_And_Validate_EnterTimeTrackStep 87 - Value is ==============>Login
04-23-2020 12:03:54 Login_ActiTime_And_Validate_EnterTimeTrackStep.java INFO  [main] StepDefination.Login_ActiTime_And_Validate_EnterTimeTrackStep 103 - INFO Msg:==============>Verifing Enter Time-Track text value in Enter Time-Track page and click on New link
04-23-2020 12:03:55 Login_ActiTime_And_Validate_EnterTimeTrackStep.java DEBUG [main] StepDefination.Login_ActiTime_And_Validate_EnterTimeTrackStep 107 - Page titile is ==============>Enter Time-Track
04-23-2020 12:03:55 Login_ActiTime_And_Validate_EnterTimeTrackStep.java INFO  [main] StepDefination.Login_ActiTime_And_Validate_EnterTimeTrackStep 122 - INFO Msg:==============>Verifing Crate New Tasks value
04-23-2020 12:03:56 Login_ActiTime_And_Validate_EnterTimeTrackStep.java DEBUG [main] StepDefination.Login_ActiTime_And_Validate_EnterTimeTrackStep 126 - Actual value is =================>Create New Tasks
04-23-2020 12:15:22 Login_ActiTime_And_Validate_EnterTimeTrackStep.java INFO  [main] StepDefination.Login_ActiTime_And_Validate_EnterTimeTrackStep 47 - INFO Msg:===============> Loading peropeties file
04-23-2020 12:15:22 Login_ActiTime_And_Validate_EnterTimeTrackStep.java INFO  [main] StepDefination.Login_ActiTime_And_Validate_EnterTimeTrackStep 58 - INFO Msg:===============>Launch AtiTime application
04-23-2020 12:15:22 Driver.java INFO  [main] GenericUtils.Driver 31 - INFO Msg:=====================>Loading Properties file
04-23-2020 12:15:22 Driver.java INFO  [main] GenericUtils.Driver 43 - INFO Msg:=====================> Launching Chrome browser
04-23-2020 12:15:28 Login_ActiTime_And_Validate_EnterTimeTrackStep.java INFO  [main] StepDefination.Login_ActiTime_And_Validate_EnterTimeTrackStep 71 - INFO Msg:===============>Entering valid userName and passWord
04-23-2020 12:15:28 Login_ActiTime_And_Validate_EnterTimeTrackStep.java INFO  [main] StepDefination.Login_ActiTime_And_Validate_EnterTimeTrackStep 85 - INFO Msg:===============>clicking on LoginButton
04-23-2020 12:15:28 Login_ActiTime_And_Validate_EnterTimeTrackStep.java DEBUG [main] StepDefination.Login_ActiTime_And_Validate_EnterTimeTrackStep 89 - Value is ==============>Login
04-23-2020 12:15:29 Login_ActiTime_And_Validate_EnterTimeTrackStep.java INFO  [main] StepDefination.Login_ActiTime_And_Validate_EnterTimeTrackStep 105 - INFO Msg:==============>Verifing Enter Time-Track text value in Enter Time-Track page and click on New link
04-23-2020 12:15:29 Login_ActiTime_And_Validate_EnterTimeTrackStep.java DEBUG [main] StepDefination.Login_ActiTime_And_Validate_EnterTimeTrackStep 109 - Page titile is ==============>Enter Time-Track
04-23-2020 12:15:29 Login_ActiTime_And_Validate_EnterTimeTrackStep.java INFO  [main] StepDefination.Login_ActiTime_And_Validate_EnterTimeTrackStep 125 - INFO Msg:==============>Verifing Crate New Tasks value
04-23-2020 12:15:30 Login_ActiTime_And_Validate_EnterTimeTrackStep.java DEBUG [main] StepDefination.Login_ActiTime_And_Validate_EnterTimeTrackStep 129 - Actual value is =================>Create New Tasks
04-23-2020 12:15:30 Login_ActiTime_And_Validate_EnterTimeTrackStep.java INFO  [main] StepDefination.Login_ActiTime_And_Validate_EnterTimeTrackStep 145 - INFO Msg:==============>click on Logout
04-23-2020 12:16:22 Login_ActiTime_And_Validate_EnterTimeTrackStep.java INFO  [main] StepDefination.Login_ActiTime_And_Validate_EnterTimeTrackStep 47 - INFO Msg:===============> Loading peropeties file
04-23-2020 12:16:22 Login_ActiTime_And_Validate_EnterTimeTrackStep.java INFO  [main] StepDefination.Login_ActiTime_And_Validate_EnterTimeTrackStep 58 - INFO Msg:===============>Launch AtiTime application
04-23-2020 12:16:22 Driver.java INFO  [main] GenericUtils.Driver 31 - INFO Msg:=====================>Loading Properties file
04-23-2020 12:16:22 Driver.java INFO  [main] GenericUtils.Driver 43 - INFO Msg:=====================> Launching Chrome browser
04-23-2020 12:16:28 Login_ActiTime_And_Validate_EnterTimeTrackStep.java INFO  [main] StepDefination.Login_ActiTime_And_Validate_EnterTimeTrackStep 71 - INFO Msg:===============>Entering valid userName and passWord
04-23-2020 12:16:29 Login_ActiTime_And_Validate_EnterTimeTrackStep.java INFO  [main] StepDefination.Login_ActiTime_And_Validate_EnterTimeTrackStep 85 - INFO Msg:===============>clicking on LoginButton
04-23-2020 12:16:29 Login_ActiTime_And_Validate_EnterTimeTrackStep.java DEBUG [main] StepDefination.Login_ActiTime_And_Validate_EnterTimeTrackStep 89 - Value is ==============>Login
04-23-2020 12:16:29 Login_ActiTime_And_Validate_EnterTimeTrackStep.java INFO  [main] StepDefination.Login_ActiTime_And_Validate_EnterTimeTrackStep 105 - INFO Msg:==============>Verifing Enter Time-Track text value in Enter Time-Track page and click on New link
04-23-2020 12:16:29 Login_ActiTime_And_Validate_EnterTimeTrackStep.java DEBUG [main] StepDefination.Login_ActiTime_And_Validate_EnterTimeTrackStep 109 - Page titile is ==============>Enter Time-Track
04-23-2020 12:16:30 Login_ActiTime_And_Validate_EnterTimeTrackStep.java INFO  [main] StepDefination.Login_ActiTime_And_Validate_EnterTimeTrackStep 125 - INFO Msg:==============>Verifing Crate New Tasks value
04-23-2020 12:16:30 Login_ActiTime_And_Validate_EnterTimeTrackStep.java DEBUG [main] StepDefination.Login_ActiTime_And_Validate_EnterTimeTrackStep 129 - Actual value is =================>Create New Tasks
04-23-2020 12:16:30 Login_ActiTime_And_Validate_EnterTimeTrackStep.java INFO  [main] StepDefination.Login_ActiTime_And_Validate_EnterTimeTrackStep 145 - INFO Msg:==============>click on Logout
04-23-2020 12:17:19 Login_ActiTime_And_Validate_EnterTimeTrackStep.java INFO  [main] StepDefination.Login_ActiTime_And_Validate_EnterTimeTrackStep 47 - INFO Msg:===============> Loading peropeties file
04-23-2020 12:17:19 Login_ActiTime_And_Validate_EnterTimeTrackStep.java INFO  [main] StepDefination.Login_ActiTime_And_Validate_EnterTimeTrackStep 58 - INFO Msg:===============>Launch AtiTime application
04-23-2020 12:17:19 Driver.java INFO  [main] GenericUtils.Driver 31 - INFO Msg:=====================>Loading Properties file
04-23-2020 12:17:19 Driver.java INFO  [main] GenericUtils.Driver 43 - INFO Msg:=====================> Launching Chrome browser
04-23-2020 12:17:25 Login_ActiTime_And_Validate_EnterTimeTrackStep.java INFO  [main] StepDefination.Login_ActiTime_And_Validate_EnterTimeTrackStep 71 - INFO Msg:===============>Entering valid userName and passWord
04-23-2020 12:17:25 Login_ActiTime_And_Validate_EnterTimeTrackStep.java INFO  [main] StepDefination.Login_ActiTime_And_Validate_EnterTimeTrackStep 85 - INFO Msg:===============>clicking on LoginButton
04-23-2020 12:17:25 Login_ActiTime_And_Validate_EnterTimeTrackStep.java DEBUG [main] StepDefination.Login_ActiTime_And_Validate_EnterTimeTrackStep 89 - Value is ==============>Login
04-23-2020 12:17:25 Login_ActiTime_And_Validate_EnterTimeTrackStep.java INFO  [main] StepDefination.Login_ActiTime_And_Validate_EnterTimeTrackStep 105 - INFO Msg:==============>Verifing Enter Time-Track text value in Enter Time-Track page and click on New link
04-23-2020 12:17:26 Login_ActiTime_And_Validate_EnterTimeTrackStep.java DEBUG [main] StepDefination.Login_ActiTime_And_Validate_EnterTimeTrackStep 109 - Page titile is ==============>Enter Time-Track
04-23-2020 12:17:26 Login_ActiTime_And_Validate_EnterTimeTrackStep.java INFO  [main] StepDefination.Login_ActiTime_And_Validate_EnterTimeTrackStep 125 - INFO Msg:==============>Verifing Crate New Tasks value
04-23-2020 12:17:32 Login_ActiTime_And_Validate_EnterTimeTrackStep.java DEBUG [main] StepDefination.Login_ActiTime_And_Validate_EnterTimeTrackStep 129 - Actual value is =================>Create New Tasks
04-23-2020 12:17:32 Login_ActiTime_And_Validate_EnterTimeTrackStep.java INFO  [main] StepDefination.Login_ActiTime_And_Validate_EnterTimeTrackStep 145 - INFO Msg:==============>click on Logout
04-23-2020 12:17:49 Login_ActiTime_And_Validate_EnterTimeTrackStep.java INFO  [main] StepDefination.Login_ActiTime_And_Validate_EnterTimeTrackStep 47 - INFO Msg:===============> Loading peropeties file
04-23-2020 12:17:49 Login_ActiTime_And_Validate_EnterTimeTrackStep.java INFO  [main] StepDefination.Login_ActiTime_And_Validate_EnterTimeTrackStep 58 - INFO Msg:===============>Launch AtiTime application
04-23-2020 12:17:49 Driver.java INFO  [main] GenericUtils.Driver 31 - INFO Msg:=====================>Loading Properties file
04-23-2020 12:17:49 Driver.java INFO  [main] GenericUtils.Driver 43 - INFO Msg:=====================> Launching Chrome browser
04-23-2020 12:17:58 Login_ActiTime_And_Validate_EnterTimeTrackStep.java INFO  [main] StepDefination.Login_ActiTime_And_Validate_EnterTimeTrackStep 71 - INFO Msg:===============>Entering valid userName and passWord
04-23-2020 12:17:59 Login_ActiTime_And_Validate_EnterTimeTrackStep.java INFO  [main] StepDefination.Login_ActiTime_And_Validate_EnterTimeTrackStep 85 - INFO Msg:===============>clicking on LoginButton
04-23-2020 12:17:59 Login_ActiTime_And_Validate_EnterTimeTrackStep.java DEBUG [main] StepDefination.Login_ActiTime_And_Validate_EnterTimeTrackStep 89 - Value is ==============>Login
04-23-2020 12:17:59 Login_ActiTime_And_Validate_EnterTimeTrackStep.java INFO  [main] StepDefination.Login_ActiTime_And_Validate_EnterTimeTrackStep 105 - INFO Msg:==============>Verifing Enter Time-Track text value in Enter Time-Track page and click on New link
04-23-2020 12:18:00 Login_ActiTime_And_Validate_EnterTimeTrackStep.java DEBUG [main] StepDefination.Login_ActiTime_And_Validate_EnterTimeTrackStep 109 - Page titile is ==============>Enter Time-Track
04-23-2020 12:18:00 Login_ActiTime_And_Validate_EnterTimeTrackStep.java INFO  [main] StepDefination.Login_ActiTime_And_Validate_EnterTimeTrackStep 125 - INFO Msg:==============>Verifing Crate New Tasks value
04-23-2020 12:18:06 Login_ActiTime_And_Validate_EnterTimeTrackStep.java DEBUG [main] StepDefination.Login_ActiTime_And_Validate_EnterTimeTrackStep 129 - Actual value is =================>Create New Tasks
04-23-2020 12:18:06 Login_ActiTime_And_Validate_EnterTimeTrackStep.java INFO  [main] StepDefination.Login_ActiTime_And_Validate_EnterTimeTrackStep 145 - INFO Msg:==============>click on Logout
